2026-04-11 01:45:05,414 WARNING exchange Bybit rate limit hit for /v5/market/kline with params={'category': 'linear', 'symbol': 'JASMYUSDT', 'interval': '15', 'start': 1752172200000, 'end': 1753072199999, 'limit': 1000}. Retrying in 2.0s (1/6)
2026-04-11 01:45:05,777 WARNING exchange Bybit rate limit hit for /v5/market/kline with params={'category': 'linear', 'symbol': 'INJUSDT', 'interval': '1', 'start': 1747871400000, 'end': 1747931399999, 'limit': 1000}. Retrying in 2.0s (1/6)
2026-04-11 01:45:06,298 WARNING exchange Bybit rate limit hit for /v5/market/kline with params={'category': 'linear', 'symbol': 'ICPUSDT', 'interval': '1', 'start': 1753451400000, 'end': 1753511399999, 'limit': 1000}. Retrying in 2.0s (1/6)
2026-04-11 01:45:06,476 WARNING exchange Bybit rate limit hit for /v5/market/kline with params={'category': 'linear', 'symbol': 'IMXUSDT', 'interval': '1', 'start': 1750691400000, 'end': 1750751399999, 'limit': 1000}. Retrying in 2.0s (1/6)
2026-04-11 01:45:06,599 WARNING exchange Bybit rate limit hit for /v5/market/kline with params={'category': 'linear', 'symbol': 'ETCUSDT', 'interval': '1', 'start': 1763171400000, 'end': 1763231399999, 'limit': 1000}. Retrying in 2.0s (1/6)
2026-04-11 01:45:07,297 WARNING exchange Bybit rate limit hit for /v5/market/kline with params={'category': 'linear', 'symbol': 'GALAUSDT', 'interval': '1', 'start': 1756991400000, 'end': 1757051399999, 'limit': 1000}. Retrying in 2.0s (1/6)
2026-04-11 01:45:07,871 WARNING exchange Bybit rate limit hit for /v5/market/kline with params={'category': 'linear', 'symbol': 'HBARUSDT', 'interval': '1', 'start': 1755191400000, 'end': 1755251399999, 'limit': 1000}. Retrying in 2.0s (1/6)
2026-04-11 01:45:08,375 WARNING exchange Bybit rate limit hit for /v5/market/kline with params={'category': 'linear', 'symbol': 'JASMYUSDT', 'interval': '15', 'start': 1754872200000, 'end': 1755772199999, 'limit': 1000}. Retrying in 2.0s (1/6)
2026-04-11 01:45:08,667 WARNING exchange Bybit rate limit hit for /v5/market/kline with params={'category': 'linear', 'symbol': 'ICPUSDT', 'interval': '1', 'start': 1753511400000, 'end': 1753571399999, 'limit': 1000}. Retrying in 2.0s (1/6)
2026-04-11 01:45:08,776 WARNING exchange Bybit rate limit hit for /v5/market/kline with params={'category': 'linear', 'symbol': 'ETCUSDT', 'interval': '1', 'start': 1763171400000, 'end': 1763231399999, 'limit': 1000}. Retrying in 4.0s (2/6)
2026-04-11 01:45:10,134 WARNING exchange Bybit rate limit hit for /v5/market/kline with params={'category': 'linear', 'symbol': 'INJUSDT', 'interval': '1', 'start': 1748531400000, 'end': 1748591399999, 'limit': 1000}. Retrying in 2.0s (1/6)
2026-04-11 01:45:11,234 WARNING exchange Bybit rate limit hit for /v5/market/kline with params={'category': 'linear', 'symbol': 'GALAUSDT', 'interval': '1', 'start': 1757531400000, 'end': 1757591399999, 'limit': 1000}. Retrying in 2.0s (1/6)
2026-04-11 01:45:12,309 WARNING exchange Bybit rate limit hit for /v5/market/kline with params={'category': 'linear', 'symbol': 'INJUSDT', 'interval': '1', 'start': 1748531400000, 'end': 1748591399999, 'limit': 1000}. Retrying in 4.0s (2/6)
2026-04-11 01:45:12,371 WARNING exchange Bybit rate limit hit for /v5/market/kline with params={'category': 'linear', 'symbol': 'IMXUSDT', 'interval': '1', 'start': 1751591400000, 'end': 1751651399999, 'limit': 1000}. Retrying in 2.0s (1/6)
2026-04-11 01:45:12,952 WARNING exchange Bybit rate limit hit for /v5/market/kline with params={'category': 'linear', 'symbol': 'ETCUSDT', 'interval': '1', 'start': 1763171400000, 'end': 1763231399999, 'limit': 1000}. Retrying in 8.0s (3/6)
Backtest cache prefetch
  cache_path=.cache/backtest_candles.sqlite3
  lookback_days=365
  start_utc=2025-04-11T00:30:00+00:00
  end_utc=2026-04-11T00:30:00+00:00
  tracked_symbols=55
  bybit_symbol_intervals=110
  bybit_candles=30851040
  btc_daily_candles=589
  btcdom_candles=8857
  cache_rows=30861366
